<?xml version="1.0" encoding="UTF-8"?>
<!-- Generated by org.testng.reporters.JUnitXMLReporter -->
<testsuite ignored="4" hostname="Rajatkumar" failures="0" tests="1" name="Default test" time="70.656" errors="0" timestamp="12 Nov 2023 09:58:52 GMT">
  <testcase classname="com.jivi.testscript.skillSetUpTest" name="createNewSkill" time="47.252"/>
  <testcase classname="com.jivi.testscript.skillSetUpTest" name="deActivateSkill" time="0.0">
    <ignored/>
  </testcase> <!-- deActivateSkill -->
  <testcase classname="com.jivi.testscript.skillSetUpTest" name="reactivateSkill" time="0.0">
    <ignored/>
  </testcase> <!-- reactivateSkill -->
  <testcase classname="com.jivi.testscript.skillSetUpTest" name="updateSkill" time="0.0">
    <ignored/>
  </testcase> <!-- updateSkill -->
  <testcase classname="com.jivi.testscript.skillSetUpTest" name="searchColumnsForSkill" time="0.0">
    <ignored/>
  </testcase> <!-- searchColumnsForSkill -->
</testsuite> <!-- Default test -->
