<?xml version="1.0" encoding="UTF-8"?>
<testng-results ignored="0" total="1" passed="1" failed="0" skipped="0">
  <reporter-output>
    <line>
      <![CDATA[Open Browser]]>
    </line>
    <line>
      <![CDATA[Login]]>
    </line>
    <line>
      <![CDATA[Logout]]>
    </line>
    <line>
      <![CDATA[Close Browser]]>
    </line>
  </reporter-output>
  <suite started-at="2023-09-20T11:13:49 IST" name="Default suite" finished-at="2023-09-20T11:14:06 IST" duration-ms="16695">
    <groups>
    </groups>
    <test started-at="2023-09-20T11:13:49 IST" name="Default test" finished-at="2023-09-20T11:14:06 IST" duration-ms="16695">
      <class name="com.facebook.testscript.UpdateProfile">
        <test-method is-config="true" signature="openBrowser()[pri:0, instance:com.facebook.testscript.UpdateProfile@38425407]" started-at="2023-09-20T11:13:49 IST" name="openBrowser" finished-at="2023-09-20T11:13:53 IST" duration-ms="4639" status="PASS">
          <reporter-output>
            <line>
              <![CDATA[Open Browser]]>
            </line>
          </reporter-output>
        </test-method> <!-- openBrowser -->
        <test-method is-config="true" signature="login()[pri:0, instance:com.facebook.testscript.UpdateProfile@38425407]" started-at="2023-09-20T11:13:54 IST" name="login" finished-at="2023-09-20T11:13:56 IST" duration-ms="2906" status="PASS">
          <reporter-output>
            <line>
              <![CDATA[Login]]>
            </line>
          </reporter-output>
        </test-method> <!-- login -->
        <test-method signature="loginNewUser()[pri:0, instance:com.facebook.testscript.UpdateProfile@38425407]" started-at="2023-09-20T11:13:56 IST" name="loginNewUser" finished-at="2023-09-20T11:13:56 IST" duration-ms="11" status="PASS">
          <reporter-output>
          </reporter-output>
        </test-method> <!-- loginNewUser -->
        <test-method is-config="true" signature="logout()[pri:0, instance:com.facebook.testscript.UpdateProfile@38425407]" started-at="2023-09-20T11:13:56 IST" name="logout" finished-at="2023-09-20T11:14:05 IST" duration-ms="8948" status="PASS">
          <reporter-output>
            <line>
              <![CDATA[Logout]]>
            </line>
          </reporter-output>
        </test-method> <!-- logout -->
        <test-method is-config="true" signature="closeBrowser()[pri:0, instance:com.facebook.testscript.UpdateProfile@38425407]" started-at="2023-09-20T11:14:05 IST" name="closeBrowser" finished-at="2023-09-20T11:14:06 IST" duration-ms="134" status="PASS">
          <reporter-output>
            <line>
              <![CDATA[Close Browser]]>
            </line>
          </reporter-output>
        </test-method> <!-- closeBrowser -->
      </class> <!-- com.facebook.testscript.UpdateProfile -->
    </test> <!-- Default test -->
  </suite> <!-- Default suite -->
</testng-results>
